<?xml version="1.0" encoding="UTF-8"?>
<!-- Generated by org.testng.reporters.JUnitXMLReporter -->
<testsuite hostname="LAPTOP-Q8UQAUDS" ignored="0" name="test1" tests="1" failures="1" timestamp="2022-08-02T20:29:07 IST" time="0.194" errors="0">
  <testcase name="test1" time="0.04" classname="testNG.Sample9">
    <failure type="java.lang.AssertionError" message="The following asserts failed:
	expected [abc] but found [abcd],
	expected [true] but found [false]">
      <![CDATA[java.lang.AssertionError: The following asserts failed:
expected [abc] but found [abcd],
expected [true] but found [false]
at testNG.Sample9.test1(Sample9.java:31)
at java.util.ArrayList.forEach(Unknown Source)
... Removed 29 stack frames]]>
    </failure>
  </testcase> <!-- test1 -->
</testsuite> <!-- test1 -->
